Log file open, 09/22/17 08:12:55
LogInit:Display: Running engine for game: BatteryCollector
LogPlatformFile: Not using cached read wrapper
LogInit:Display: RandInit(531174702) SRandInit(531174702).
LogTaskGraph: Started task graph with 5 named threads and 8 total threads with 1 sets of task threads.
LogStats: Stats thread started at 0.130748
LogInit: Using libcurl 7.47.1
LogInit:  - built for x86_64-pc-win32
LogInit:  - supports SSL with OpenSSL/1.0.2g
LogInit:  - supports HTTP deflate (compression) using libz 1.2.8
LogInit:  - other features:
LogInit:      CURL_VERSION_SSL
LogInit:      CURL_VERSION_LIBZ
LogInit:      CURL_VERSION_IPV6
LogInit:      CURL_VERSION_ASYNCHDNS
LogInit:      CURL_VERSION_LARGEFILE
LogInit:      CURL_VERSION_IDN
LogInit:  CurlRequestOptions (configurable via config and command line):
LogInit:  - bVerifyPeer = false  - Libcurl will NOT verify peer certificate
LogInit:  - bUseHttpProxy = false  - Libcurl will NOT use HTTP proxy
LogInit:  - bDontReuseConnections = false  - Libcurl will reuse connections
LogInit:  - CertBundlePath = nullptr  - Libcurl will use whatever was configured at build time.
LogInit: Build: ++UE4+Release-4.16-CL-3561208
LogInit: Engine Version: 4.16.3-3561208+++UE4+Release-4.16
LogInit: Compatible Engine Version: 4.16.0-3452394+++UE4+Release-4.16
LogInit: Net CL: 3452394
LogDevObjectVersion: Number of dev versions registered: 16
LogDevObjectVersion:   Dev-Blueprints (B0D832E4-1F89-4F0D-ACCF-7EB736FD4AA2): 9
LogDevObjectVersion:   Dev-Build (E1C64328-A22C-4D53-A36C-8E866417BD8C): 0
LogDevObjectVersion:   Dev-Core (375EC13C-06E4-48FB-B500-84F0262A717E): 2
LogDevObjectVersion:   Dev-Editor (E4B068ED-F494-42E9-A231-DA0B2E46BB41): 17
LogDevObjectVersion:   Dev-Framework (CFFC743F-43B0-4480-9391-14DF171D2073): 23
LogDevObjectVersion:   Dev-Mobile (B02B49B5-BB20-44E9-A304-32B752E40360): 0
LogDevObjectVersion:   Dev-Networking (A4E4105C-59A1-49B5-A7C5-40C4547EDFEE): 0
LogDevObjectVersion:   Dev-Online (39C831C9-5AE6-47DC-9A44-9C173E1C8E7C): 0
LogDevObjectVersion:   Dev-Physics (78F01B33-EBEA-4F98-B9B4-84EACCB95AA2): 0
LogDevObjectVersion:   Dev-Platform (6631380F-2D4D-43E0-8009-CF276956A95A): 0
LogDevObjectVersion:   Dev-Rendering (12F88B9F-8875-4AFC-A67C-D90C383ABD29): 15
LogDevObjectVersion:   Dev-Sequencer (7B5AE74C-D270-4C10-A958-57980B212A5A): 4
LogDevObjectVersion:   Dev-VR (D7296918-1DD6-4BDD-9DE2-64A83CC13884): 0
LogDevObjectVersion:   Dev-LoadTimes (C2A15278-BFE7-4AFE-6C17-90FF531DF755): 1
LogDevObjectVersion:   Private-Geometry (6EACA3D4-40EC-4CC1-B786-8BED09428FC5): 1
LogDevObjectVersion:   Dev-AnimPhys (29E575DD-E0A3-4627-9D10-D276232CDCEA): 3
LogInit: Compiled (64-bit): Jul 28 2017 11:49:47
LogInit: Compiled with Visual C++: 19.00.24215.01
LogInit: Build Configuration: Development
LogInit: Branch Name: ++UE4+Release-4.16
LogInit: Command line:  
LogInit: Base directory: C:/Program Files/Epic Games/UE_4.16/Engine/Binaries/Win64/
LogInit: Installed Engine Build: 1
LogInit: Presizing for max 8388607 objects, including 0 objects not considered by GC, pre-allocating 0 bytes for permanent pool.
LogInit: Object subsystem initialized
[2017.09.22-06.12.59:367][  0]LogInit: Selected Device Profile: [Windows]
[2017.09.22-06.12.59:367][  0]LogInit: Applying CVar settings loaded from the selected device profile: [Windows]
[2017.09.22-06.12.59:896][  0]LogInit: Computer: DESKTOP-LBB6UPR
[2017.09.22-06.12.59:896][  0]LogInit: User: Asparagus
[2017.09.22-06.12.59:896][  0]LogInit: CPU Page size=4096, Cores=4
[2017.09.22-06.12.59:896][  0]LogInit: High frequency timer resolution =3.420544 MHz
[2017.09.22-06.12.59:960][  0]LogMemory: Memory total: Physical=32.0GB (32GB approx)
[2017.09.22-06.12.59:960][  0]LogMemory: Platform Memory Stats for Windows
[2017.09.22-06.12.59:960][  0]LogMemory: Process Physical Memory: 272.13 MB used, 272.13 MB peak
[2017.09.22-06.12.59:960][  0]LogMemory: Process Virtual Memory: 260.61 MB used, 260.61 MB peak
[2017.09.22-06.12.59:960][  0]LogMemory: Physical Memory: 3642.26 MB used,  29075.66 MB free, 32717.93 MB total
[2017.09.22-06.12.59:960][  0]LogMemory: Virtual Memory: 638.21 MB used,  29075.66 MB free, 134217728.00 MB total
[2017.09.22-06.13.03:324][  0]LogInit: Using OS detected language (en-GB).
[2017.09.22-06.13.03:324][  0]LogInit: Using OS detected locale (en-US).
[2017.09.22-06.13.03:960][  0]LogTextLocalizationManager: No specific localization for 'en-GB' exists, so the 'en' localization will be used.
[2017.09.22-06.13.18:436][  0]LogD3D11RHI: D3D11 adapters:
[2017.09.22-06.13.20:012][  0]LogD3D11RHI:    0. 'NVIDIA GeForce GTX 650 Ti' (Feature Level 11_0)
[2017.09.22-06.13.20:012][  0]LogD3D11RHI:       995/0/16358 MB DedicatedVideo/DedicatedSystem/SharedSystem, Outputs:1, VendorId:0x10de
[2017.09.22-06.13.20:230][  0]LogD3D11RHI:    1. 'Microsoft Basic Render Driver' (Feature Level 11_0)
[2017.09.22-06.13.20:230][  0]LogD3D11RHI:       0/0/16358 MB DedicatedVideo/DedicatedSystem/SharedSystem, Outputs:0, VendorId:0x1414
[2017.09.22-06.13.20:230][  0]LogD3D11RHI: Chosen D3D11 Adapter: 0
[2017.09.22-06.13.20:348][  0]LogD3D11RHI: Creating new Direct3DDevice
[2017.09.22-06.13.20:348][  0]LogD3D11RHI:     GPU DeviceId: 0x11c6 (for the marketing name, search the web for "GPU Device Id")
[2017.09.22-06.13.20:348][  0]LogWindows: EnumDisplayDevices:
[2017.09.22-06.13.20:349][  0]LogWindows:    0. 'NVIDIA GeForce GTX 650 Ti' (P:1 D:1)
[2017.09.22-06.13.20:349][  0]LogWindows:    1. 'NVIDIA GeForce GTX 650 Ti' (P:0 D:0)
[2017.09.22-06.13.20:349][  0]LogWindows:    2. 'NVIDIA GeForce GTX 650 Ti' (P:0 D:0)
[2017.09.22-06.13.20:349][  0]LogWindows:    3. 'NVIDIA GeForce GTX 650 Ti' (P:0 D:0)
[2017.09.22-06.13.20:350][  0]LogWindows: DebugString: FoundDriverCount:4 
[2017.09.22-06.13.20:350][  0]LogD3D11RHI:     Adapter Name: NVIDIA GeForce GTX 650 Ti
[2017.09.22-06.13.20:350][  0]LogD3D11RHI:   Driver Version: 384.76 (internal:22.21.13.8476, unified:384.76)
[2017.09.22-06.13.20:350][  0]LogD3D11RHI:      Driver Date: 6-27-2017
[2017.09.22-06.13.20:371][  0]LogRHI: Texture pool is 696 MB (70% of 995 MB)
[2017.09.22-06.13.20:480][  0]LogD3D11RHI: Async texture creation enabled
[2017.09.22-06.13.21:202][  0]LogD3D11RHI: GPU Timing Frequency: 1000.000000 (Debug: 2 1)
[2017.09.22-06.13.21:504][  0]LogShaderCompilers: Guid format shader working directory is 15 characters bigger than the processId version (E:/Unreal Projects/BatteryCollector/Intermediate/Shaders/WorkingDirectory/2656/).
[2017.09.22-06.13.21:504][  0]LogShaderCompilers: Cleaned the shader compiler working directory 'C:/Users/Asparagus/AppData/Local/Temp/UnrealShaderWorkingDir/8BF1F4D949F8052851412C9A704B16BB/'.
[2017.09.22-06.13.21:537][  0]LogShaderCompilers:Display: Using Local Shader Compiler.
[2017.09.22-06.13.46:688][  0]LogTemp:Display: Loaded TP AllDesktopTargetPlatform
[2017.09.22-06.13.46:820][  0]LogTemp:Display: Loaded TP MacClientTargetPlatform
[2017.09.22-06.13.46:907][  0]LogTemp:Display: Loaded TP MacNoEditorTargetPlatform
[2017.09.22-06.13.46:979][  0]LogTemp:Display: Loaded TP MacServerTargetPlatform
[2017.09.22-06.13.47:256][  0]LogTemp:Display: Loaded TP MacTargetPlatform
[2017.09.22-06.13.47:410][  0]LogTemp:Display: Loaded TP WindowsClientTargetPlatform
[2017.09.22-06.13.47:508][  0]LogTemp:Display: Loaded TP WindowsNoEditorTargetPlatform
[2017.09.22-06.13.47:626][  0]LogTemp:Display: Loaded TP WindowsServerTargetPlatform
[2017.09.22-06.13.47:696][  0]LogTemp:Display: Loaded TP WindowsTargetPlatform
[2017.09.22-06.13.47:908][  0]LogTemp:Display: Loaded TP AndroidTargetPlatform
[2017.09.22-06.13.48:009][  0]LogTemp:Display: Loaded TP Android_ASTCTargetPlatform
[2017.09.22-06.13.48:168][  0]LogTemp:Display: Loaded TP Android_ATCTargetPlatform
[2017.09.22-06.13.48:227][  0]LogTemp:Display: Loaded TP Android_DXTTargetPlatform
[2017.09.22-06.13.48:279][  0]LogTemp:Display: Loaded TP Android_ETC1TargetPlatform
[2017.09.22-06.13.48:488][  0]LogTemp:Display: Loaded TP Android_ETC2TargetPlatform
[2017.09.22-06.13.48:743][  0]LogTemp:Display: Loaded TP Android_MultiTargetPlatform
[2017.09.22-06.13.48:743][  0]LogTemp:Display: Loaded TP Android_PVRTCTargetPlatform
[2017.09.22-06.13.48:790][  0]LogTemp:Display: Loaded TP HTML5TargetPlatform
[2017.09.22-06.13.49:310][  0]LogTemp:Display: Loaded TP IOSTargetPlatform
[2017.09.22-06.13.49:362][  0]LogTemp:Display: Loaded TP TVOSTargetPlatform
[2017.09.22-06.13.49:444][  0]LogTemp:Display: Loaded TP LinuxClientTargetPlatform
[2017.09.22-06.13.49:539][  0]LogTemp:Display: Loaded TP LinuxNoEditorTargetPlatform
[2017.09.22-06.13.49:637][  0]LogTemp:Display: Loaded TP LinuxServerTargetPlatform
[2017.09.22-06.13.49:770][  0]LogTemp:Display: Loaded TP LinuxTargetPlatform
[2017.09.22-06.13.49:771][  0]LogTargetPlatformManager:Display: Building Assets For Windows
[2017.09.22-06.13.54:721][  0]LogDerivedDataCache:Display: Max Cache Size: 512 MB
[2017.09.22-06.14.11:643][  0]LogDerivedDataCache: Loaded boot cache 16.91s 101MB C:/Users/Asparagus/AppData/Local/UnrealEngine/4.16/DerivedDataCache/Boot.ddc.
[2017.09.22-06.14.11:643][  0]LogDerivedDataCache:Display: Loaded Boot cache: C:/Users/Asparagus/AppData/Local/UnrealEngine/4.16/DerivedDataCache/Boot.ddc
[2017.09.22-06.14.11:643][  0]LogDerivedDataCache: FDerivedDataBackendGraph:  Pak pak cache file E:/Unreal Projects/BatteryCollector/DerivedDataCache/DDC.ddp not found, will not use a pak cache.
[2017.09.22-06.14.11:643][  0]LogDerivedDataCache: Unable to find inner node Pak for hierarchical cache Hierarchy.
[2017.09.22-06.14.11:643][  0]LogDerivedDataCache: FDerivedDataBackendGraph:  CompressedPak pak cache file E:/Unreal Projects/BatteryCollector/DerivedDataCache/Compressed.ddp not found, will not use a pak cache.
[2017.09.22-06.14.11:643][  0]LogDerivedDataCache: Unable to find inner node CompressedPak for hierarchical cache Hierarchy.
[2017.09.22-06.14.11:703][  0]LogDerivedDataCache:Display: Pak cache opened for reading ../../../Engine/DerivedDataCache/Compressed.ddp.
[2017.09.22-06.14.11:723][  0]LogDerivedDataCache: Using Local data cache path C:/Users/Asparagus/AppData/Local/UnrealEngine/Common/DerivedDataCache: Writable
[2017.09.22-06.14.11:855][  0]LogMaterial: Verifying Global Shaders for PCD3D_SM5
[2017.09.22-06.14.11:939][  0]LogSlate: Using Freetype 2.6.0
[2017.09.22-06.14.12:142][  0]LogSlate: SlateFontCache - WITH_FREETYPE: 1, WITH_HARFBUZZ: 1
[2017.09.22-06.14.12:142][  0]LogSlate: SlateFontCache - WITH_FREETYPE: 1, WITH_HARFBUZZ: 1
[2017.09.22-06.14.28:255][  0]LogInit: Selected Device Profile: [Windows]
[2017.09.22-06.14.31:045][  0]LogContentStreaming: Texture pool size is 0.00 MB
[2017.09.22-06.14.32:383][  0]LogMeshUtilities: Using QuadricMeshReduction for automatic static mesh reduction
[2017.09.22-06.14.32:865][  0]LogSimplygon: Simplygon DLL not present - disabling.
[2017.09.22-06.14.33:092][  0]LogMeshUtilities: Using SimplygonSwarm for distributed automatic mesh merging
[2017.09.22-06.14.33:092][  0]LogMeshUtilities: No automatic skeletal mesh reduction module available
[2017.09.22-06.14.33:092][  0]LogMeshUtilities: No automatic mesh merging module available
[2017.09.22-06.14.48:012][  0]LogNetVersion: BatteryCollector , NetCL: 3452394, EngineNetVer: 2, GameNetVer: 0 (Checksum: 1895910218)
[2017.09.22-06.14.48:356][  0]LogAssetRegistry: FAssetRegistry took 0.0285 seconds to start up
[2017.09.22-06.14.48:648][  0]LogPackageLocalizationCache: Processed 4 localized package path(s) for 2 prioritized culture(s) in 0.213577 seconds
[2017.09.22-06.14.48:700][  0]LogUObjectArray: 34194 objects as part of root set at end of initial load.
[2017.09.22-06.14.48:700][  0]LogUObjectAllocator: 7260424 out of 0 bytes used by permanent object pool.
[2017.09.22-06.14.48:700][  0]LogUObjectArray: CloseDisregardForGC: 0/0 objects in disregard for GC pool
[2017.09.22-06.14.49:029][  0]LogInit: WinSock: version 1.1 (2.2), MaxSocks=32767, MaxUdp=65467
[2017.09.22-06.15.54:690][  0]LogTcpMessaging: Initializing TcpMessaging bridge
[2017.09.22-06.15.54:785][  0]LogUdpMessaging: Initializing bridge on interface 0.0.0.0:0 to multicast group 230.0.0.1:6666.
[2017.09.22-06.16.10:249][  0]LogMaterial: Uniform references updated for custom material expression Custom.
[2017.09.22-06.16.13:195][  0]SourceControl: Info Source control is disabled
[2017.09.22-06.16.15:298][  0]SourceControl: Info Source control is disabled
[2017.09.22-06.16.15:699][  0]SourceControl: Info Source control is disabled
[2017.09.22-06.16.16:130][  0]SourceControl: Info Source control is disabled
[2017.09.22-06.16.21:303][  0]LogAndroidPermission: UAndroidPermissionCallbackProxy::GetInstance
[2017.09.22-06.16.23:752][  0]LogEngine: Initializing Engine...
[2017.09.22-06.16.23:843][  0]LogHMD: Failed to initialize OpenVR with code 110
[2017.09.22-06.16.25:271][  0]LogStats: UGameplayTagsManager::ConstructGameplayTagTree: Construct from data asset -  0.000 s
[2017.09.22-06.16.25:342][  0]LogStats: UGameplayTagsManager::ConstructGameplayTagTree: GameplayTagTreeChangedEvent.Broadcast -  0.071 s
[2017.09.22-06.16.26:390][  0]LogAIModule: Creating AISystem for world Untitled
[2017.09.22-06.16.26:934][  0]LogInit: XAudio2 using 'Speakers (Realtek High Definition Audio)' : 2 channels at 48 kHz using 32 bits per sample (channel mask 0x3)
[2017.09.22-06.16.28:250][  0]LogInit: FAudioDevice initialized.
[2017.09.22-06.16.28:673][  0]LogDerivedDataCache: Saved boot cache 0.42s 102MB C:/Users/Asparagus/AppData/Local/UnrealEngine/4.16/DerivedDataCache/Boot.ddc.
[2017.09.22-06.16.28:689][  0]LogInit: Texture streaming: Enabled
[2017.09.22-06.16.29:145][  0]LogEngineSessionManager: EngineSessionManager initialized
[2017.09.22-06.16.33:752][  0]LogInit: Transaction tracking system initialized
[2017.09.22-06.16.35:684][  0]BlueprintLog: New page: Editor Load
[2017.09.22-06.16.41:134][  0]LocalizationService: Info Localization service is disabled
[2017.09.22-06.16.44:643][  0]LogConsoleResponse:Display: 
[2017.09.22-06.16.49:281][  0]LogFileCache: Scanning file cache for directory 'E:/Unreal Projects/BatteryCollector/Content/' took 0.07s
[2017.09.22-06.16.49:281][  0]LogCook:Display: Max memory allowance for cook 16384mb min free memory 0mb
[2017.09.22-06.16.49:281][  0]LogCook:Display: Mobile HDR setting 1
[2017.09.22-06.16.55:119][  0]SourceControl: Info Source control is disabled
[2017.09.22-06.16.55:256][  0]Cmd: MAP LOAD FILE="E:/Unreal Projects/BatteryCollector/Content/Maps/CollectionLevel.umap" TEMPLATE=0 SHOWPROGRESS=1 FEATURELEVEL=3
[2017.09.22-06.16.55:264][  0]LightingResults: New page: Lighting Build
[2017.09.22-06.16.55:505][  0]MapCheck: New page: Map Check
[2017.09.22-06.16.55:505][  0]LightingResults: New page: Lighting Build
[2017.09.22-06.17.00:342][  0]LogStaticMesh: Building static mesh SM_DemoDivider_1...
[2017.09.22-06.17.00:471][  0]LogStaticMesh: Built static mesh [0.15s] /Game/DemoRoom/Meshes/SM_DemoDivider_1.SM_DemoDivider_1
[2017.09.22-06.17.00:704][  0]LogStaticMesh: Building static mesh SM_DemoRoomU...
[2017.09.22-06.17.00:726][  0]LogStaticMesh: Built static mesh [0.05s] /Game/DemoRoom/Meshes/SM_DemoRoomU.SM_DemoRoomU
[2017.09.22-06.17.00:831][  0]LogStaticMesh: Building static mesh SM_DemoRoomTrimAdd...
[2017.09.22-06.17.00:884][  0]LogStaticMesh: Built static mesh [0.07s] /Game/DemoRoom/Meshes/SM_DemoRoomTrimAdd.SM_DemoRoomTrimAdd
[2017.09.22-06.17.01:009][  0]LogStaticMesh: Building static mesh SM_DemoDivider_2...
[2017.09.22-06.17.01:039][  0]LogStaticMesh: Built static mesh [0.07s] /Game/DemoRoom/Meshes/SM_DemoDivider_2.SM_DemoDivider_2
[2017.09.22-06.17.01:184][  0]LogStaticMesh: Building static mesh SM_URoom_Wall...
[2017.09.22-06.17.01:184][  0]LogStaticMesh: Built static mesh [0.00s] /Game/DemoRoom/Meshes/SM_URoom_Wall.SM_URoom_Wall
[2017.09.22-06.17.01:342][  0]LogStaticMesh: Building static mesh SM_DemoRoomBackWall...
[2017.09.22-06.17.01:343][  0]LogStaticMesh: Built static mesh [0.10s] /Game/DemoRoom/Meshes/SM_DemoRoomBackWall.SM_DemoRoomBackWall
[2017.09.22-06.17.01:388][  0]LogStaticMesh: Building static mesh SM_DemoRoomLTrim...
[2017.09.22-06.17.01:389][  0]LogStaticMesh: Built static mesh [0.02s] /Game/DemoRoom/Meshes/SM_DemoRoomLTrim.SM_DemoRoomLTrim
[2017.09.22-06.17.01:539][  0]LogStaticMesh: Building static mesh SM_DemoRoomClamp...
[2017.09.22-06.17.01:573][  0]LogStaticMesh: Built static mesh [0.10s] /Game/DemoRoom/Meshes/SM_DemoRoomClamp.SM_DemoRoomClamp
[2017.09.22-06.17.02:006][  0]LogStaticMesh: Building static mesh SM_DemoRoomTrim...
[2017.09.22-06.17.02:084][  0]LogStaticMesh: Built static mesh [0.12s] /Game/DemoRoom/Meshes/SM_DemoRoomTrim.SM_DemoRoomTrim
[2017.09.22-06.17.02:206][  0]LogStaticMesh: Building static mesh SM_DemoRoomClamp2...
[2017.09.22-06.17.02:239][  0]LogStaticMesh: Built static mesh [0.05s] /Game/DemoRoom/Meshes/SM_DemoRoomClamp2.SM_DemoRoomClamp2
[2017.09.22-06.17.02:394][  0]LogMaterial: Missing cached shader map for material M_LightTube, compiling. 
[2017.09.22-06.17.02:684][  0]LogMaterial: Missing cached shader map for material M_DemoWall, compiling. 
[2017.09.22-06.17.02:896][  0]LogStaticMesh: Building static mesh SM_DemoRoomBackWall2...
[2017.09.22-06.17.02:897][  0]LogStaticMesh: Built static mesh [0.01s] /Game/DemoRoom/Meshes/SM_DemoRoomBackWall2.SM_DemoRoomBackWall2
[2017.09.22-06.17.03:532][  0]LogTexture:Display: Building textures: T_UnrealEngineDecal (DXT1, 2048X2048)
[2017.09.22-06.17.03:853][  0]LogMaterial: Missing cached shader map for material M_Glass, compiling. 
[2017.09.22-06.17.04:106][  0]LogMaterial: Missing cached shader map for material M_Glass, compiling. 
[2017.09.22-06.17.04:187][  0]LogTexture:Display: Building textures: T_Pattern_M (AutoDXT, 2048X2048)
[2017.09.22-06.17.04:677][  0]LogMaterial: Missing cached shader map for material M_DemoWallPattern, compiling. 
[2017.09.22-06.17.04:707][  0]LogMaterial: Missing cached shader map for material M_DemoWallPattern, compiling. 
[2017.09.22-06.17.05:324][  0]LogMaterial: Missing cached shader map for material M_DemoWallPattern, compiling. 
[2017.09.22-06.17.05:797][  0]LogTexture:Display: Building textures: T_RoomTiles_N (BC5, 2048X2048)
[2017.09.22-06.17.06:161][  0]LogStaticMesh: Building static mesh SM_DemoRoomTrim2...
[2017.09.22-06.17.06:220][  0]LogStaticMesh: Built static mesh [0.16s] /Game/DemoRoom/Meshes/SM_DemoRoomTrim2.SM_DemoRoomTrim2
[2017.09.22-06.17.06:309][  0]LogStaticMesh: Building static mesh SM_DemoRoomL...
[2017.09.22-06.17.06:313][  0]LogStaticMesh: Built static mesh [0.01s] /Game/DemoRoom/Meshes/SM_DemoRoomL.SM_DemoRoomL
[2017.09.22-06.17.06:553][  0]LogStaticMesh: Building static mesh SM_DemoRoomU_Hole...
[2017.09.22-06.17.06:566][  0]LogStaticMesh: Built static mesh [0.12s] /Game/DemoRoom/Meshes/SM_DemoRoomU_Hole.SM_DemoRoomU_Hole
[2017.09.22-06.17.06:615][  0]LogStaticMesh: Building static mesh SM_DemoRoomU2...
[2017.09.22-06.17.06:624][  0]LogStaticMesh: Built static mesh [0.02s] /Game/DemoRoom/Meshes/SM_DemoRoomU2.SM_DemoRoomU2
[2017.09.22-06.17.06:751][  0]LogStaticMesh: Building static mesh SM_URoom_Wall2...
[2017.09.22-06.17.06:751][  0]LogStaticMesh: Built static mesh [0.03s] /Game/DemoRoom/Meshes/SM_URoom_Wall2.SM_URoom_Wall2
[2017.09.22-06.17.07:217][  0]LogTexture:Display: Building textures: HQ_Lightmap0_1 (AutoDXT, 1024X1024)
[2017.09.22-06.17.07:841][  0]LogTexture:Display: Building textures: HQ_Lightmap0_2 (AutoDXT, 1024X1024)
[2017.09.22-06.17.08:262][  0]LogTexture:Display: Building textures: HQ_Lightmap0_3 (AutoDXT, 128X128)
[2017.09.22-06.17.08:269][  0]LogTexture:Display: Building textures: HQ_Lightmap0_4 (AutoDXT, 64X64)
[2017.09.22-06.17.08:283][  0]LogTexture:Display: Building textures: LQ_Lightmap_0_1 (DXT1, 1024X1024)
[2017.09.22-06.17.08:435][  0]LogTexture:Display: Building textures: LQ_Lightmap_0_2 (DXT1, 1024X1024)
[2017.09.22-06.17.08:562][  0]LogTexture:Display: Building textures: LQ_Lightmap_0_3 (DXT1, 128X128)
[2017.09.22-06.17.08:565][  0]LogTexture:Display: Building textures: LQ_Lightmap_0_4 (DXT1, 64X64)
[2017.09.22-06.17.08:568][  0]LogTexture:Display: Building textures: ShadowMapTexture2D_0 (G8, 1024X1024)
[2017.09.22-06.17.08:591][  0]LogTexture:Display: Building textures: ShadowMapTexture2D_1 (G8, 128X32)
[2017.09.22-06.17.08:592][  0]LogTexture:Display: Building textures: ShadowMapTexture2D_2 (G8, 32X32)
[2017.09.22-06.17.08:626][  0]LogTexture:Display: Building textures: T_RoomTiles_M (DXT1, 2048X2048)
[2017.09.22-06.17.09:376][  0]LogMaterial: Missing cached shader map for material M_DemoRoomTiles, compiling. 
[2017.09.22-06.17.09:434][  0]LogTexture:Display: Building textures: T_Battery_M (AutoDXT, 512X512)
[2017.09.22-06.17.09:508][  0]LogMaterial: Missing cached shader map for material M_Battery, compiling. 
[2017.09.22-06.17.09:552][  0]LogStaticMesh: Building static mesh SM_Battery_Medium...
[2017.09.22-06.17.09:559][  0]LogStaticMesh: Built static mesh [0.03s] /Game/ExampleContent/Blueprint_Communication/Meshes/SM_Battery_Medium.SM_Battery_Medium
[2017.09.22-06.17.09:703][  0]LogMaterial: Missing cached shader map for material DefaultTextMaterialTranslucentUnlit, compiling. 
[2017.09.22-06.17.09:873][  0]LogAIModule: Creating AISystem for world CollectionLevel
[2017.09.22-06.17.10:766][  0]LogEditorServer: Finished looking for orphan Actors (0.000 secs)
[2017.09.22-06.17.10:874][  0]Cmd: MAP CHECKDEP NOCLEARLOG
[2017.09.22-06.17.10:962][  0]MapCheck: Info Map check complete: 0 Error(s), 0 Warning(s), took 84.746ms to complete.
[2017.09.22-06.17.10:962][  0]LogFileHelpers: Loading map 'CollectionLevel' took 15.722
[2017.09.22-06.17.17:751][  0]LogCollectionManager: Loaded 0 collections in 0.002512 seconds
[2017.09.22-06.17.18:558][  0]LogFileCache: Scanning file cache for directory 'E:/Unreal Projects/BatteryCollector/Saved/Collections/' took 0.01s
[2017.09.22-06.17.18:558][  0]LogFileCache: Scanning file cache for directory 'E:/Unreal Projects/BatteryCollector/Content/Developers/Asparagus/Collections/' took 0.01s
[2017.09.22-06.17.18:558][  0]LogFileCache: Scanning file cache for directory 'E:/Unreal Projects/BatteryCollector/Content/Collections/' took 0.01s
[2017.09.22-06.17.18:558][  0]LogCollectionManager: Rebuilt the GUID cache for 0 collections in 0.000003 seconds
[2017.09.22-06.17.18:653][  0]LogContentBrowser: Native class hierarchy populated in 0.0500 seconds. Added 2333 classes and 493 folders.
[2017.09.22-06.17.19:342][  0]LogContentBrowser: Native class hierarchy updated for 'WidgetCarousel' in 0.0019 seconds. Added 0 classes and 0 folders.
[2017.09.22-06.17.27:081][  0]LogContentBrowser: Native class hierarchy updated for 'AddContentDialog' in 0.0012 seconds. Added 0 classes and 0 folders.
[2017.09.22-06.17.27:672][  0]LogContentBrowser: Native class hierarchy updated for 'SceneOutliner' in 0.0032 seconds. Added 1 classes and 2 folders.
[2017.09.22-06.17.30:541][  0]LogCrashTracker: Crashtracker disabled due to settings.
[2017.09.22-06.17.31:161][  0]LogSlate: Took 0.205871 seconds to synchronously load lazily loaded font '../../../Engine/Content/Slate/Fonts/Roboto-Regular.ttf' (155K)
[2017.09.22-06.17.31:223][  0]LogSlate: Took 0.060476 seconds to synchronously load lazily loaded font '../../../Engine/Content/Slate/Fonts/Roboto-Bold.ttf' (160K)
[2017.09.22-06.17.31:405][  0]LogSlate: Took 0.034390 seconds to synchronously load lazily loaded font '../../../Engine/Content/Editor/Slate/Fonts/FontAwesome.ttf' (139K)
[2017.09.22-06.17.32:618][  0]LogRenderer: Reallocating scene render targets to support 1172x660 NumSamples 1 (Frame:1).
[2017.09.22-06.17.33:816][  0]LogUObjectGlobals:Warning: Failed to find object 'Class None.'
[2017.09.22-06.17.34:037][  0]LogContentBrowser: Native class hierarchy updated for 'HierarchicalLODOutliner' in 0.0035 seconds. Added 1 classes and 2 folders.
[2017.09.22-06.17.34:037][  0]LogLoad: (Engine Initialization) Total time: 291.77 seconds
[2017.09.22-06.17.34:037][  0]LogLoad: (Engine Initialization) Total Blueprint compile time: 2.79 seconds
[2017.09.22-06.17.34:037][  0]LogExternalProfiler: No external profilers were discovered.  External profiling features will not be available.
[2017.09.22-06.17.34:397][  0]LogOcInput: OculusInput pre-init called
[2017.09.22-06.17.34:397][  0]LogHMD: Starting GearVRController plugin
[2017.09.22-06.17.34:595][  0]LogContentStreaming: Texture pool size now 1000 MB
[2017.09.22-06.17.34:726][  0]LogSlate: Took 0.043556 seconds to synchronously load lazily loaded font '../../../Engine/Content/Slate/Fonts/Roboto-Light.ttf' (159K)
[2017.09.22-06.17.35:924][  3]LogSlate: Took 0.000372 seconds to synchronously load lazily loaded font '../../../Engine/Content/Slate/Fonts/Roboto-Light.ttf' (159K)
[2017.09.22-06.17.36:241][  4]LogAssetRegistry: Asset discovery search completed in 167.9081 seconds
[2017.09.22-06.17.36:282][  4]LogCollectionManager: Rebuilt the object cache for 0 collections in 0.000001 seconds (found 0 objects)
[2017.09.22-06.17.36:282][  4]LogCollectionManager: Fixed up redirectors for 0 collections in 0.000043 seconds (updated 0 objects)
[2017.09.22-06.17.57:597][ 69]LogSynthBenchmark:Display: FSynthBenchmark (V0.95):  requested WorkScale=5.00
[2017.09.22-06.17.57:597][ 69]LogSynthBenchmark:Display: ===============
[2017.09.22-06.17.57:597][ 69]LogSynthBenchmark:Display: Main Processor:
[2017.09.22-06.17.57:762][ 69]LogSynthBenchmark:Display:          ... 0.016741 s/Run 'RayIntersect'
[2017.09.22-06.17.57:762][ 69]LogSynthBenchmark:Display:          ... 0.016156 s/Run 'Fractal'
[2017.09.22-06.17.57:762][ 69]LogSynthBenchmark:Display: 
[2017.09.22-06.17.57:762][ 69]LogSynthBenchmark:Display:   CompiledTarget_x_Bits: 64
[2017.09.22-06.17.57:762][ 69]LogSynthBenchmark:Display:   UE_BUILD_SHIPPING: 0
[2017.09.22-06.17.57:762][ 69]LogSynthBenchmark:Display:   UE_BUILD_TEST: 0
[2017.09.22-06.17.57:762][ 69]LogSynthBenchmark:Display:   UE_BUILD_DEBUG: 0
[2017.09.22-06.17.57:762][ 69]LogSynthBenchmark:Display:   TotalPhysicalGBRam: 32
[2017.09.22-06.17.57:762][ 69]LogSynthBenchmark:Display:   NumberOfCores (physical): 4
[2017.09.22-06.17.57:762][ 69]LogSynthBenchmark:Display:   NumberOfCores (logical): 8
[2017.09.22-06.17.57:762][ 69]LogSynthBenchmark:Display:   CPU Perf Index 0: 153.0 (weight 1.00)
[2017.09.22-06.17.57:762][ 69]LogSynthBenchmark:Display:   CPU Perf Index 1: 177.0 (weight 1.50)
[2017.09.22-06.17.57:762][ 69]LogSynthBenchmark:Display:  
[2017.09.22-06.17.57:762][ 69]LogSynthBenchmark:Display: Graphics:
[2017.09.22-06.17.57:762][ 69]LogSynthBenchmark:Display:   Adapter Name: 'NVIDIA GeForce GTX 650 Ti'
[2017.09.22-06.17.57:762][ 69]LogSynthBenchmark:Display:   (On Optimus the name might be wrong, memory should be ok)
[2017.09.22-06.17.57:762][ 69]LogSynthBenchmark:Display:   Vendor Id: 0x10DE
[2017.09.22-06.17.57:762][ 69]LogSynthBenchmark:Display:   Device Id: 0x11C6
[2017.09.22-06.17.57:762][ 69]LogSynthBenchmark:Display:   Device Revision: 0xA1
[2017.09.22-06.17.57:762][ 69]LogSynthBenchmark:Display:   GPU Memory: 996/0/16359 MB
[2017.09.22-06.17.57:932][ 69]LogSynthBenchmark:Display:   GPU first test: 0.11s
[2017.09.22-06.17.57:932][ 69]LogSynthBenchmark:Display:          ... 0.794 s/GigaPix, Confidence=89% 'ALUHeavyNoise' (likely to be very inaccurate)
[2017.09.22-06.17.57:932][ 69]LogSynthBenchmark:Display:          ... 1.074 s/GigaPix, Confidence=81% 'TexHeavy' (likely to be very inaccurate)
[2017.09.22-06.17.57:932][ 69]LogSynthBenchmark:Display:          ... 0.571 s/GigaPix, Confidence=81% 'DepTexHeavy' (likely to be very inaccurate)
[2017.09.22-06.17.57:932][ 69]LogSynthBenchmark:Display:          ... 1.588 s/GigaPix, Confidence=51% 'FillOnly' (likely to be very inaccurate)
[2017.09.22-06.17.57:932][ 69]LogSynthBenchmark:Display:          ... 0.178 s/GigaPix, Confidence=100% 'Bandwidth' (likely to be very inaccurate)
[2017.09.22-06.17.57:932][ 69]LogSynthBenchmark:Display:          ... 0.152 s/GigaVert, Confidence=51% 'VertThroughPut1' (likely to be very inaccurate)
[2017.09.22-06.17.57:932][ 69]LogSynthBenchmark:Display:          ... 0.689 s/GigaVert, Confidence=100% 'VertThroughPut2' (likely to be very inaccurate)
[2017.09.22-06.17.57:932][ 69]LogSynthBenchmark:Display:   GPU Final Results:
[2017.09.22-06.17.57:932][ 69]LogSynthBenchmark:Display:          ... 0.794 s/GigaPix, Confidence=89% 'ALUHeavyNoise'
[2017.09.22-06.17.57:932][ 69]LogSynthBenchmark:Display:          ... 1.074 s/GigaPix, Confidence=81% 'TexHeavy'
[2017.09.22-06.17.57:932][ 69]LogSynthBenchmark:Display:          ... 0.571 s/GigaPix, Confidence=81% 'DepTexHeavy'
[2017.09.22-06.17.57:932][ 69]LogSynthBenchmark:Display:          ... 1.588 s/GigaPix, Confidence=51% 'FillOnly'
[2017.09.22-06.17.57:932][ 69]LogSynthBenchmark:Display:          ... 0.178 s/GigaPix, Confidence=100% 'Bandwidth'
[2017.09.22-06.17.57:932][ 69]LogSynthBenchmark:Display:          ... 0.152 s/GigaVert, Confidence=51% 'VertThroughPut1'
[2017.09.22-06.17.57:932][ 69]LogSynthBenchmark:Display:          ... 0.689 s/GigaVert, Confidence=100% 'VertThroughPut2'
[2017.09.22-06.17.57:932][ 69]LogSynthBenchmark:Display: 
[2017.09.22-06.17.57:932][ 69]LogSynthBenchmark:Display:   GPU Perf Index 0: 17.3 (weight 1.00)
[2017.09.22-06.17.57:932][ 69]LogSynthBenchmark:Display:   GPU Perf Index 1: 14.4 (weight 0.10)
[2017.09.22-06.17.57:932][ 69]LogSynthBenchmark:Display:   GPU Perf Index 2: 14.8 (weight 0.10)
[2017.09.22-06.17.57:932][ 69]LogSynthBenchmark:Display:   GPU Perf Index 3: 6.2 (weight 3.00)
[2017.09.22-06.17.57:932][ 69]LogSynthBenchmark:Display:   GPU Perf Index 4: 16.6 (weight 1.00)
[2017.09.22-06.17.57:932][ 69]LogSynthBenchmark:Display:   GPU Perf Index 5: 9.9 (weight 0.00)
[2017.09.22-06.17.57:932][ 69]LogSynthBenchmark:Display:   GPU Perf Index 6: 39.0 (weight 0.00)
[2017.09.22-06.17.57:932][ 69]LogSynthBenchmark:Display:   CPUIndex: 167.4
[2017.09.22-06.17.57:932][ 69]LogSynthBenchmark:Display:   GPUIndex: 10.7
[2017.09.22-06.17.57:932][ 69]LogSynthBenchmark:Display: 
[2017.09.22-06.17.57:932][ 69]LogSynthBenchmark:Display:          ... Total Time: 0.335127 sec
